Build started 9/17/2012 2:25:50 PM.
     1>Project "C:\Users\Michael\Documents\Visual Studio 2010\Projects\arena\arena\arena.vcxproj" on node 2 (build target(s)).
     1>InitializeBuildStatus:
         Touching "Debug\arena.unsuccessfulbuild".
       ClCompile:
         c:\Program Files (x86)\Microsoft Visual Studio 10.0\VC\bin\CL.exe /c /ZI /nologo /W3 /WX- /Od /Oy- /D _MBCS /Gm /EHsc /RTC1 /MDd /GS /fp:precise /Zc:wchar_t /Zc:forScope /Fo"Debug\\" /Fd"Debug\vc100.pdb" /Gd /TP /analyze- /errorReport:prompt main.cpp
         main.cpp
     1>c:\users\michael\documents\visual studio 2010\projects\arena\arena\person.h(161): warning C4996: 'strcpy': This function or variable may be unsafe. Consider using strcpy_s instead. To disable deprecation, use _CRT_SECURE_NO_WARNINGS. See online help for details.
                 c:\program files (x86)\microsoft visual studio 10.0\vc\include\string.h(105) : see declaration of 'strcpy'
     1>c:\users\michael\documents\visual studio 2010\projects\arena\arena\ui.h(95): warning C4244: '=' : conversion from 'int' to 'float', possible loss of data
     1>c:\users\michael\documents\visual studio 2010\projects\arena\arena\ui.h(96): warning C4244: '=' : conversion from 'int' to 'float', possible loss of data
     1>c:\users\michael\documents\visual studio 2010\projects\arena\arena\ui.h(113): warning C4244: '=' : conversion from 'int' to 'float', possible loss of data
     1>c:\users\michael\documents\visual studio 2010\projects\arena\arena\ui.h(116): warning C4244: '=' : conversion from 'int' to 'float', possible loss of data
     1>c:\users\michael\documents\visual studio 2010\projects\arena\arena\ui.h(119): warning C4244: '=' : conversion from 'int' to 'float', possible loss of data
     1>c:\users\michael\documents\visual studio 2010\projects\arena\arena\main.cpp(553): warning C4996: 'strcpy': This function or variable may be unsafe. Consider using strcpy_s instead. To disable deprecation, use _CRT_SECURE_NO_WARNINGS. See online help for details.
                 c:\program files (x86)\microsoft visual studio 10.0\vc\include\string.h(105) : see declaration of 'strcpy'
       Link:
         c:\Program Files (x86)\Microsoft Visual Studio 10.0\VC\bin\link.exe /ERRORREPORT:PROMPT /OUT:"C:\Users\Michael\Documents\Visual Studio 2010\Projects\arena\Debug\arena.exe" /NOLOGO kernel32.lib user32.lib gdi32.lib winspool.lib comdlg32.lib advapi32.lib shell32.lib ole32.lib oleaut32.lib uuid.lib odbc32.lib odbccp32.lib /MANIFEST /ManifestFile:"Debug\arena.exe.intermediate.manifest" /MANIFESTUAC:"level='asInvoker' uiAccess='false'" /DEBUG /PDB:"C:\Users\Michael\Documents\Visual Studio 2010\Projects\arena\Debug\arena.pdb" /TLBID:1 /DYNAMICBASE /NXCOMPAT /IMPLIB:"C:\Users\Michael\Documents\Visual Studio 2010\Projects\arena\Debug\arena.lib" /MACHINE:X86 Debug\main.obj
         LINK : C:\Users\Michael\Documents\Visual Studio 2010\Projects\arena\Debug\arena.exe not found or not built by the last incremental link; performing full link
         arena.vcxproj -> C:\Users\Michael\Documents\Visual Studio 2010\Projects\arena\Debug\arena.exe
       Manifest:
         C:\Program Files (x86)\Microsoft SDKs\Windows\v7.0A\bin\mt.exe /nologo /verbose /outputresource:"C:\Users\Michael\Documents\Visual Studio 2010\Projects\arena\Debug\arena.exe;#1" /manifest Debug\arena.exe.intermediate.manifest
       FinalizeBuildStatus:
         Deleting file "Debug\arena.unsuccessfulbuild".
         Touching "Debug\arena.lastbuildstate".
     1>Done Building Project "C:\Users\Michael\Documents\Visual Studio 2010\Projects\arena\arena\arena.vcxproj" (build target(s)).

Build succeeded.

Time Elapsed 00:00:02.74
